# JRE version: Java(TM) SE Runtime Environment (8.0_181-b13) (build 1.8.0_181-b13)
# Java VM: Java HotSpot(TM) 64-Bit Server VM (25.181-b13 mixed mode windows-amd64 compressed oops)
Heap:
 PSYoungGen      total 36864K, used 7886K [0x00000000d6c00000, 0x00000000d9500000, 0x0000000100000000)
  eden space 31744K, 8% used [0x00000000d6c00000,0x00000000d6eb9428,0x00000000d8b00000)
  from space 5120K, 99% used [0x00000000d9000000,0x00000000d94fa640,0x00000000d9500000)
  to   space 5120K, 0% used [0x00000000d8b00000,0x00000000d8b00000,0x00000000d9000000)
 ParOldGen       total 84992K, used 1912K [0x0000000084400000, 0x0000000089700000, 0x00000000d6c00000)
  object space 84992K, 2% used [0x0000000084400000,0x00000000845de278,0x0000000089700000)
 Metaspace       used 18686K, capacity 19310K, committed 19456K, reserved 1067008K
  class space    used 1901K, capacity 2047K, committed 2048K, reserved 1048576K
GC Heap History (4 events):
Event: 1.370 GC heap before
{Heap before GC invocations=1 (full 0):
 PSYoungGen      total 36864K, used 31378K [0x00000000d6c00000, 0x00000000d9500000, 0x0000000100000000)
  eden space 31744K, 98% used [0x00000000d6c00000,0x00000000d8aa4a40,0x00000000d8b00000)
  from space 5120K, 0% used [0x00000000d9000000,0x00000000d9000000,0x00000000d9500000)
  to   space 5120K, 0% used [0x00000000d8b00000,0x00000000d8b00000,0x00000000d9000000)
 ParOldGen       total 84992K, used 0K [0x0000000084400000, 0x0000000089700000, 0x00000000d6c00000)
  object space 84992K, 0% used [0x0000000084400000,0x0000000084400000,0x0000000089700000)
 Metaspace       used 12518K, capacity 13250K, committed 13568K, reserved 1060864K
  class space    used 1535K, capacity 1696K, committed 1792K, reserved 1048576K
Event: 1.377 GC heap after
Heap after GC invocations=1 (full 0):
 PSYoungGen      total 36864K, used 5111K [0x00000000d6c00000, 0x00000000d9500000, 0x0000000100000000)
  eden space 31744K, 0% used [0x00000000d6c00000,0x00000000d6c00000,0x00000000d8b00000)
  from space 5120K, 99% used [0x00000000d8b00000,0x00000000d8ffddd8,0x00000000d9000000)
  to   space 5120K, 0% used [0x00000000d9000000,0x00000000d9000000,0x00000000d9500000)
 ParOldGen       total 84992K, used 557K [0x0000000084400000, 0x0000000089700000, 0x00000000d6c00000)
  object space 84992K, 0% used [0x0000000084400000,0x000000008448b688,0x0000000089700000)
 Metaspace       used 12518K, capacity 13250K, committed 13568K, reserved 1060864K
  class space    used 1535K, capacity 1696K, committed 1792K, reserved 1048576K
}
Event: 2.117 GC heap before
{Heap before GC invocations=2 (full 0):
 PSYoungGen      total 36864K, used 36855K [0x00000000d6c00000, 0x00000000d9500000, 0x0000000100000000)
  eden space 31744K, 100% used [0x00000000d6c00000,0x00000000d8b00000,0x00000000d8b00000)
  from space 5120K, 99% used [0x00000000d8b00000,0x00000000d8ffddd8,0x00000000d9000000)
  to   space 5120K, 0% used [0x00000000d9000000,0x00000000d9000000,0x00000000d9500000)
 ParOldGen       total 84992K, used 557K [0x0000000084400000, 0x0000000089700000, 0x00000000d6c00000)
  object space 84992K, 0% used [0x0000000084400000,0x000000008448b688,0x0000000089700000)
 Metaspace       used 17677K, capacity 18382K, committed 18688K, reserved 1067008K
  class space    used 1852K, capacity 2015K, committed 2048K, reserved 1048576K
Event: 2.123 GC heap after
Heap after GC invocations=2 (full 0):
 PSYoungGen      total 36864K, used 5097K [0x00000000d6c00000, 0x00000000d9500000, 0x0000000100000000)
  eden space 31744K, 0% used [0x00000000d6c00000,0x00000000d6c00000,0x00000000d8b00000)
  from space 5120K, 99% used [0x00000000d9000000,0x00000000d94fa640,0x00000000d9500000)
  to   space 5120K, 0% used [0x00000000d8b00000,0x00000000d8b00000,0x00000000d9000000)
 ParOldGen       total 84992K, used 1912K [0x0000000084400000, 0x0000000089700000, 0x00000000d6c00000)
  object space 84992K, 2% used [0x0000000084400000,0x00000000845de278,0x0000000089700000)
 Metaspace       used 17677K, capacity 18382K, committed 18688K, reserved 1067008K
  class space    used 1852K, capacity 2015K, committed 2048K, reserved 1048576K
}

